D001 several
D001 type
D001 querie
D001 are
D001 widely
D001 us
D001 on
D001 world
D001 wide
D001 web
D001 expect
D001 retrieval
D001 method
D001 can
D001 vary
D001 depend
D001 on
D001 query
D001 type
D001 we
D001 propose
D001 method
D001 for
D001 classify
D001 querie
D001 into
D001 informational
D001 navigational
D001 type
D002 term
D002 navigational
D002 querie
D002 often
D002 appear
D002 anchor
D002 text
D002 for
D002 link
D002 oth
D002 page
D002 we
D002 analyze
D002 distribute
D002 query
D002 term
D002 anchor
D002 text
D002 on
D002 web
D002 for
D002 query
D002 classificate
D002 purpose
D002 while
D002 content-bas
D002 retrieval
D002 i
D002 effective
D002 for
D002 informational
D002 querie
D002 anchor-bas
D002 retrieval
D002 i
D002 effective
D002 for
D002 navigational
D002 querie
D003 our
D003 retrieval
D003 system
D003 combine
D003 result
D003 obtain
D003 with
D003 content-bas
D003 anchor-bas
D003 retrieval
D003 method
D003 which
D003 weight
D003 for
D003 each
D003 retrieval
D003 result
D003 i
D003 determin
D003 automatically
D003 depend
D003 on
D003 result
D003 query
D003 classificate
D003 we
D003 also
D003 propose
D003 method
D003 for
D003 improv
D003 anchor-bas
D003 retrieval
D004 our
D004 retrieval
D004 method
D004 which
D004 compute
D004 probability
D004 that
D004 document
D004 i
D004 retriev
D004 response
D004 given
D004 query
D004 identifie
D004 synonym
D004 query
D004 term
D004 anchor
D004 text
D004 on
D004 web
D004 use
D004 these
D004 synonym
D004 for
D004 smooth
D004 purpose
D004 probability
D004 estimate
D004 we
D004 use
D004 ntcir
D004 t
D004 collecte
D004 show
D004 effectivenes
D004 individual
D004 method
D004 entire
D004 web
D004 retrieval
D004 system
D004 experimentally
D005 we
D005 propose
D005 cross-media
D005 lecture-on-demand
D005 system
D005 call
D005 lodem
D005 which
D005 searche
D005 lecture
D005 video
D005 for
D005 specific
D005 segment
D005 response
D005 text
D005 query
D005 we
D005 utilize
D005 benefit
D005 text
D005 audio
D005 video
D005 data
D005 correspond
D005 single
D005 lecture
D006 lodem
D006 extract
D006 audio
D006 track
D006 from
D006 target
D006 lecture
D006 video
D006 generate
D006 transcripte
D006 large-vocabulary
D006 continuou
D006 speech
D006 recognite
D006 produce
D006 text
D006 index
D006 us
D006 can
D006 formulate
D006 text
D006 querie
D006 us
D006 textbook
D006 relat
D006 target
D006 lecture
D006 can
D006 selectively
D006 view
D006 specific
D006 video
D006 segment
D006 submitt
D006 those
D006 querie
D007 experimental
D007 result
D007 show
D007 that
D007 adapt
D007 speech
D007 recognite
D007 lectur
D007 topic
D007 target
D007 lecture
D007 recognite
D007 accuracy
D007 wa
D007 increas
D007 consequently
D007 retrieval
D007 accuracy
D007 wa
D007 comparable
D007 with
D007 that
D007 obtain
D007 human
D007 transcripte
D008 lodem
D008 i
D008 implement
D008 a
D008 client-serv
D008 system
D008 on
D008 web
D008 facilitate
D008 e-learn