8
D002 oth 1
D002 content-bas 1
D002 page 1
D002 anchor-bas 1
D002 purpose 1
D002 we 1
D002 term 2
D002 web 1
D002 on 1
D002 anchor 2
D002 text 2
D002 navigational 2
D002 i 2
D002 informational 1
D002 link 1
D002 for 4
D002 query 2
D002 retrieval 2
D002 analyze 1
D002 appear 1
D002 querie 3
D002 while 1
D002 classificate 1
D002 often 1
D002 effective 2
D002 distribute 1
D003 content-bas 1
D003 system 1
D003 which 1
D003 anchor-bas 2
D003 we 1
D003 improv 1
D003 on 1
D003 propose 1
D003 our 1
D003 weight 1
D003 method 2
D003 also 1
D003 determin 1
D003 i 1
D003 obtain 1
D003 each 1
D003 combine 1
D003 query 1
D003 depend 1
D003 for 2
D003 retrieval 4
D003 automatically 1
D003 classificate 1
D003 with 1
D003 result 3
D001 several 1
D001 widely 1
D001 vary 1
D001 world 1
D001 into 1
D001 are 1
D001 we 1
D001 web 1
D001 on 2
D001 propose 1
D001 navigational 1
D001 us 1
D001 method 2
D001 wide 1
D001 classify 1
D001 expect 1
D001 informational 1
D001 for 1
D001 query 1
D001 depend 1
D001 can 1
D001 retrieval 1
D001 querie 2
D001 type 3
D007 human 1
D007 comparable 1
D007 speech 1
D007 that 2
D007 target 1
D007 transcripte 1
D007 experimental 1
D007 consequently 1
D007 increas 1
D007 wa 2
D007 obtain 1
D007 topic 1
D007 show 1
D007 lectur 1
D007 recognite 2
D007 adapt 1
D007 lecture 1
D007 retrieval 1
D007 with 1
D007 result 1
D007 accuracy 2
D004 given 1
D004 compute 1
D004 these 1
D004 which 1
D004 effectivenes 1
D004 document 1
D004 that 1
D004 individual 1
D004 on 1
D004 anchor 1
D004 our 1
D004 entire 1
D004 retriev 1
D004 experimentally 1
D004 t 1
D004 show 1
D004 for 1
D004 synonym 2
D004 smooth 1
D004 system 1
D004 purpose 1
D004 we 1
D004 term 1
D004 estimate 1
D004 ntcir 1
D004 web 2
D004 collecte 1
D004 use 2
D004 text 1
D004 method 2
D004 i 1
D004 query 2
D004 response 1
D004 probability 2
D004 retrieval 2
D004 identifie 1
D006 formulate 1
D006 produce 1
D006 continuou 1
D006 large-vocabulary 1
D006 specific 1
D006 speech 1
D006 segment 1
D006 textbook 1
D006 audio 1
D006 target 2
D006 view 1
D006 text 2
D006 lodem 1
D006 from 1
D006 us 2
D006 generate 1
D006 transcripte 1
D006 video 2
D006 track 1
D006 recognite 1
D006 can 2
D006 lecture 2
D006 querie 2
D006 those 1
D006 index 1
D006 extract 1
D006 relat 1
D006 submitt 1
D006 selectively 1
D008 e-learn 1
D008 system 1
D008 a 1
D008 implement 1
D008 client-serv 1
D008 on 1
D008 web 1
D008 lodem 1
D008 facilitate 1
D008 i 1
D005 system 1
D005 utilize 1
D005 specific 1
D005 which 1
D005 correspond 1
D005 segment 1
D005 we 2
D005 audio 1
D005 propose 1
D005 text 2
D005 lodem 1
D005 benefit 1
D005 call 1
D005 searche 1
D005 video 2
D005 query 1
D005 for 1
D005 response 1
D005 cross-media 1
D005 data 1
D005 lecture 2
D005 single 1
D005 lecture-on-demand 1